Using pre-set license
Built from '2020.3/release' branch; Version is '2020.3.12f1 (b3b2c6512326) revision 11776710'; Using compiler version '192528614'; Build Type 'Release'
OS: 'Windows 10 Home; OS build 22621.1992; Version 2009; 64bit' Language: 'en' Physical Memory: 8043 MB
BatchMode: 1, IsHumanControllingUs: 0, StartBugReporterOnCrash: 0, Is64bit: 1, IsPro: 0

 COMMAND LINE ARGUMENTS:
C:\Program Files\Unity\Hub\Editor\2020.3.12f1\Editor\Unity.exe
-adb2
-batchMode
-noUpm
-name
AssetImportWorker0
-projectPath
C:/Users/ambra/Documents/GitHub/comp2150-level-design-ObienI
-logFile
Logs/AssetImportWorker0.log
-srvPort
50259
Successfully changed project path to: C:/Users/ambra/Documents/GitHub/comp2150-level-design-ObienI
C:/Users/ambra/Documents/GitHub/comp2150-level-design-ObienI
Using Asset Import Pipeline V2.
Refreshing native plugins compatible for Editor in 72.99 ms, found 3 plugins.
Preloading 0 native plugins for Editor in 0.00 ms.
Initialize engine version: 2020.3.12f1 (b3b2c6512326)
[Subsystems] Discovering subsystems at path C:/Program Files/Unity/Hub/Editor/2020.3.12f1/Editor/Data/Resources/UnitySubsystems
[Subsystems] Discovering subsystems at path C:/Users/ambra/Documents/GitHub/comp2150-level-design-ObienI/Assets
GfxDevice: creating device client; threaded=0
Direct3D:
    Version:  Direct3D 11.0 [level 11.1]
    Renderer: NVIDIA GeForce GTX 1650 (ID=0x1f91)
    Vendor:   
    VRAM:     3949 MB
    Driver:   31.0.15.3598
Initialize mono
Mono path[0] = 'C:/Program Files/Unity/Hub/Editor/2020.3.12f1/Editor/Data/Managed'
Mono path[1] = 'C:/Program Files/Unity/Hub/Editor/2020.3.12f1/Editor/Data/MonoBleedingEdge/lib/mono/unityjit'
Mono config path = 'C:/Program Files/Unity/Hub/Editor/2020.3.12f1/Editor/Data/MonoBleedingEdge/etc'
Using monoOptions --debugger-agent=transport=dt_socket,embedding=1,server=y,suspend=n,address=127.0.0.1:56164
Begin MonoManager ReloadAssembly
Registering precompiled unity dll's ...
Register platform support module: C:/Program Files/Unity/Hub/Editor/2020.3.12f1/Editor/Data/PlaybackEngines/WindowsStandaloneSupport/UnityEditor.WindowsStandalone.Extensions.dll
Registered in 0.001777 seconds.
Native extension for WindowsStandalone target not found
Refreshing native plugins compatible for Editor in 67.26 ms, found 3 plugins.
Preloading 0 native plugins for Editor in 0.00 ms.
Mono: successfully reloaded assembly
- Completed reload, in  1.157 seconds
Platform modules already initialized, skipping
Registering precompiled user dll's ...
Registered in 0.005213 seconds.
Begin MonoManager ReloadAssembly
Native extension for WindowsStandalone target not found
Refreshing native plugins compatible for Editor in 94.37 ms, found 3 plugins.
Preloading 0 native plugins for Editor in 0.00 ms.
Mono: successfully reloaded assembly
- Completed reload, in  1.458 seconds
Platform modules already initialized, skipping
========================================================================
Worker process is ready to serve import requests
Launched and connected shader compiler UnityShaderCompiler.exe after 0.06 seconds
Refreshing native plugins compatible for Editor in 0.77 ms, found 3 plugins.
Preloading 0 native plugins for Editor in 0.00 ms.
Unloading 2542 Unused Serialized files (Serialized files now loaded: 0)
System memory in use before: 118.4 MB.
System memory in use after: 118.6 MB.

Unloading 28 unused Assets to reduce memory usage. Loaded Objects now: 2987.
Total: 2.880000 ms (FindLiveObjects: 0.279600 ms CreateObjectMapping: 0.122800 ms MarkObjects: 2.449600 ms  DeleteObjects: 0.026900 ms)

AssetImportParameters requested are different than current active one (requested -> active):
  custom:framework-win-MediaFoundation: 216162199b28c13a410421893ffa2e32 -> 
  custom:video-decoder-ogg-theora: a1e56fd34408186e4bbccfd4996cb3dc -> 
  custom:container-muxer-webm: aa71ff27fc2769a1b78a27578f13a17b -> 
  custom:container-demuxer-webm: 4f35f7cbe854078d1ac9338744f61a02 -> 
  custom:container-demuxer-ogg: 62fdf1f143b41e24485cea50d1cbac27 -> 
  custom:video-encoder-webm-vp8: eb34c28f22e8b96e1ab97ce403110664 -> 
  custom:video-codec-MediaFoundation-h265: 746d11721c4dcdbdad8f713fa42b33f4 -> 
  custom:video-decoder-webm-vp8: 9c59270c3fd7afecdb556c50c9e8de78 -> 
  custom:audio-decoder-ogg-vorbis: bf7c407c2cedff20999df2af8eb42d56 -> 
  custom:audio-encoder-webm-vorbis: bf7c407c2cedff20999df2af8eb42d56 -> 
========================================================================
Received Import Request.
  path: Assets/2DGamekit/Scenes/Zone1.unity
  artifactKey: Guid(a94cb8f134bf81349ad016c79b629e3d) Importer(815301076,1909f56bfc062723c751e8b465ee728b)
Start importing Assets/2DGamekit/Scenes/Zone1.unity using Guid(a94cb8f134bf81349ad016c79b629e3d) Importer(815301076,1909f56bfc062723c751e8b465ee728b)  -> (artifact id: '7e8d875f82726615edba8df2322e2207') in 0.022615 seconds 
  Import took 0.028665 seconds .

========================================================================
Received Import Request.
  Time since last request: 0.000448 seconds.
  path: Assets/2DGamekit/Scenes
  artifactKey: Guid(2592c7313e4536046898c207f0576ff8) Importer(815301076,1909f56bfc062723c751e8b465ee728b)
Start importing Assets/2DGamekit/Scenes using Guid(2592c7313e4536046898c207f0576ff8) Importer(815301076,1909f56bfc062723c751e8b465ee728b)  -> (artifact id: '8e2eecc31083bfd374c026fef1cc9888') in 0.010214 seconds 
  Import took 0.016610 seconds .

========================================================================
Received Import Request.
  Time since last request: 0.000438 seconds.
  path: Assets/2DGamekit/Scenes/Zone2.unity
  artifactKey: Guid(5436c67e9267f17458b31fcdc20cd20a) Importer(815301076,1909f56bfc062723c751e8b465ee728b)
Start importing Assets/2DGamekit/Scenes/Zone2.unity using Guid(5436c67e9267f17458b31fcdc20cd20a) Importer(815301076,1909f56bfc062723c751e8b465ee728b)  -> (artifact id: '8e5141880b7fbaa71b644e0932d63504') in 0.012967 seconds 
  Import took 0.018926 seconds .

========================================================================
Received Import Request.
  Time since last request: 0.809931 seconds.
  path: Assets/2DGamekit/Scenes/Zone3.unity
  artifactKey: Guid(4b4b0e246fc7dbb4295a38fd03241362) Importer(815301076,1909f56bfc062723c751e8b465ee728b)
Start importing Assets/2DGamekit/Scenes/Zone3.unity using Guid(4b4b0e246fc7dbb4295a38fd03241362) Importer(815301076,1909f56bfc062723c751e8b465ee728b)  -> (artifact id: '97704278baf1c7b2db5dad976beee0df') in 0.016647 seconds 
  Import took 0.023233 seconds .

========================================================================
Received Import Request.
  Time since last request: 0.440383 seconds.
  path: Assets/2DGamekit/Scenes/Zone4.unity
  artifactKey: Guid(5b0c2d9ddd151ba489db19a4fb634327) Importer(815301076,1909f56bfc062723c751e8b465ee728b)
Start importing Assets/2DGamekit/Scenes/Zone4.unity using Guid(5b0c2d9ddd151ba489db19a4fb634327) Importer(815301076,1909f56bfc062723c751e8b465ee728b)  -> (artifact id: 'fa0079698edf589573ca72713f1858e0') in 0.029221 seconds 
  Import took 0.047020 seconds .

========================================================================
Received Import Request.
  Time since last request: 0.024071 seconds.
  path: Assets/2DGamekit/Scenes/Zone5.unity
  artifactKey: Guid(960b12f881940d84983273421bebc695) Importer(815301076,1909f56bfc062723c751e8b465ee728b)
Start importing Assets/2DGamekit/Scenes/Zone5.unity using Guid(960b12f881940d84983273421bebc695) Importer(815301076,1909f56bfc062723c751e8b465ee728b)  -> (artifact id: 'd4b62425c2642bdb0206c331254a66e6') in 0.012318 seconds 
  Import took 0.018602 seconds .

========================================================================
Received Import Request.
  Time since last request: 42.301969 seconds.
  path: Assets/2DGamekit/Scenes/Start.unity
  artifactKey: Guid(57df1e417250bc247976c2c0dc088efe) Importer(815301076,1909f56bfc062723c751e8b465ee728b)
Start importing Assets/2DGamekit/Scenes/Start.unity using Guid(57df1e417250bc247976c2c0dc088efe) Importer(815301076,1909f56bfc062723c751e8b465ee728b)  -> (artifact id: 'a69d1a1dbb5ee394d1fa3014e2d41548') in 0.012430 seconds 
  Import took 0.023367 seconds .

========================================================================
Received Import Request.
  Time since last request: 6.844225 seconds.
  path: Assets/Scenes_Assignment/Level 1.unity
  artifactKey: Guid(26dfaab476091ba4b8089ef9cbe1c09a) Importer(815301076,1909f56bfc062723c751e8b465ee728b)
Start importing Assets/Scenes_Assignment/Level 1.unity using Guid(26dfaab476091ba4b8089ef9cbe1c09a) Importer(815301076,1909f56bfc062723c751e8b465ee728b)  -> (artifact id: 'fe91d1fee1009fbe7126dff1507b18cd') in 0.010788 seconds 
  Import took 0.016924 seconds .

========================================================================
Received Import Request.
  Time since last request: 0.002613 seconds.
  path: Assets/Scenes_Assignment/Level 1.unity
  artifactKey: Guid(26dfaab476091ba4b8089ef9cbe1c09a) Importer(815301076,1909f56bfc062723c751e8b465ee728b)
Start importing Assets/Scenes_Assignment/Level 1.unity using Guid(26dfaab476091ba4b8089ef9cbe1c09a) Importer(815301076,1909f56bfc062723c751e8b465ee728b)  -> (artifact id: 'fe91d1fee1009fbe7126dff1507b18cd') in 0.004208 seconds 
  Import took 0.010466 seconds .

========================================================================
Received Import Request.
  Time since last request: 9.311857 seconds.
  path: Assets/Scenes_Assignment/Level 2.unity
  artifactKey: Guid(3f4f1c34063eb324c9b623ba263ec17b) Importer(815301076,1909f56bfc062723c751e8b465ee728b)
Start importing Assets/Scenes_Assignment/Level 2.unity using Guid(3f4f1c34063eb324c9b623ba263ec17b) Importer(815301076,1909f56bfc062723c751e8b465ee728b)  -> (artifact id: '866ff3e4c539512aef7f7c9a800f6ff4') in 0.025018 seconds 
  Import took 0.037584 seconds .

========================================================================
Received Import Request.
  Time since last request: 107.289043 seconds.
  path: Assets/Scenes_Assignment/Level 3.unity
  artifactKey: Guid(346ebca64c477c445bb0a00070509d76) Importer(815301076,1909f56bfc062723c751e8b465ee728b)
Start importing Assets/Scenes_Assignment/Level 3.unity using Guid(346ebca64c477c445bb0a00070509d76) Importer(815301076,1909f56bfc062723c751e8b465ee728b)  -> (artifact id: 'f911122ef02729089934b6a33cf4eb49') in 0.030823 seconds 
  Import took 0.040970 seconds .

========================================================================
Received Import Request.
  Time since last request: 2.867910 seconds.
  path: Assets/Scenes_Assignment/~PrefabDemonstration.unity
  artifactKey: Guid(4b8c8ef09ae945d4884c43a41c95cfc4) Importer(815301076,1909f56bfc062723c751e8b465ee728b)
Start importing Assets/Scenes_Assignment/~PrefabDemonstration.unity using Guid(4b8c8ef09ae945d4884c43a41c95cfc4) Importer(815301076,1909f56bfc062723c751e8b465ee728b)  -> (artifact id: 'c540b4d65136e8c7bdc9156a223130d0') in 0.012637 seconds 
  Import took 0.018192 seconds .

AssetImportWorkerClient::OnTransportError - code=2 error=End of file
